<?xml version="1.0" encoding="UTF-8"?>
<testng-results skipped="0" failed="0" ignored="0" total="1" passed="1">
  <reporter-output>
  </reporter-output>
  <suite name="Suite" duration-ms="10259" started-at="2019-09-27T07:44:26Z" finished-at="2019-09-27T07:44:37Z">
    <groups>
    </groups>
    <test name="Test" duration-ms="10259" started-at="2019-09-27T07:44:26Z" finished-at="2019-09-27T07:44:37Z">
      <class name="NewTest">
        <test-method status="PASS" signature="f()[pri:0, instance:NewTest@675d3402]" name="f" duration-ms="10227" started-at="2019-09-27T07:44:26Z" finished-at="2019-09-27T07:44:37Z">
          <reporter-output>
          </reporter-output>
        </test-method> <!-- f -->
      </class> <!-- NewTest -->
    </test> <!-- Test -->
  </suite> <!-- Suite -->
</testng-results>
